<?xml version="1.0" encoding="UTF-8"?>
<!-- Generated by org.testng.reporters.JUnitReportReporter -->
<testsuite hostname="bynom" name="academy.softserve.tests.GoogleSearchTest" tests="2" failures="0" timestamp="23 Nov 2016 12:10:27 GMT" time="3.965" errors="0">
  <testcase name="test_Google_Page" time="0.168" classname="academy.softserve.tests.GoogleSearchTest"/>
  <testcase name="test_search_funny_images" time="3.797" classname="academy.softserve.tests.GoogleSearchTest"/>
</testsuite> <!-- academy.softserve.tests.GoogleSearchTest -->
