<?xml version="1.0" encoding="UTF-8"?>
<!-- Generated by org.testng.reporters.JUnitReportReporter -->
<testsuite hostname="bynom" name="academy.softserve.tests.GoogleSearchTest" tests="1" failures="0" timestamp="24 Nov 2016 21:40:09 GMT" time="22.614" errors="0">
  <testcase name="test_change_link_color" time="22.614" classname="academy.softserve.tests.GoogleSearchTest"/>
</testsuite> <!-- academy.softserve.tests.GoogleSearchTest -->
